<?xml version="1.0" encoding="UTF-8"?>
<!-- Generated by org.testng.reporters.JUnitReportReporter -->
<testsuite hostname="Praful" failures="0" tests="1" name="TestLayer.FrameExamplePageTest" time="151.693" errors="0" timestamp="2023-12-30T09:13:39 IST" skipped="0">
  <testcase classname="TestLayer.FrameExamplePageTest" name="validateFrameFlow2" time="151.693"/>
  <system-out/>
</testsuite> <!-- TestLayer.FrameExamplePageTest -->
